<?xml version="1.0" encoding="UTF-8"?>
<!-- Generated by org.testng.reporters.JUnitXMLReporter -->
<testsuite ignored="0" hostname="Oke" failures="0" tests="19" name="LoginFunctionalityTest" time="159.782" errors="0" timestamp="2023-08-14T09:39:45 BST">
  <testcase classname="testCases.TC_003_LoginFunctionalityWithInvalidEmailAndValidPassword" name="LoginTestWithInvalidEmailAndValidPassword" time="4.982"/>
  <testcase classname="testCases.TC_010_GoogleSignupLinkIsEnabled" name="VerifyGoogleSignUpBtnIsEnabled" time="6.109"/>
  <testcase classname="testCases.TC_017_VerifyPricepallyLogoIsDisplayed" name="VerifyPricepallyLogoIsDisplayed" time="6.193"/>
  <testcase classname="testCases.TC_001_LoginFunctionalityWithValidCredentials" name="LoginTestWithValidCredentials" time="7.155"/>
  <testcase classname="testCases.TC_012_AppleSignupLinkIsEnabled" name="VerifyAppleSignupLinkIsEnabled" time="6.103"/>
  <testcase classname="testCases.TC_002_LoginFunctionalityWithInvalidCredentials" name="LoginTestWithInvalidCredentials" time="6.939"/>
  <testcase classname="testCases.TC_011_FacebookSignupLinkIsEnabled" name="VerifyFacebookSignUpBtnIsEnabled" time="6.033"/>
  <testcase classname="testCases.TC_009_ForgetPasswordLinkFunctionalityWithoutEmail" name="ForgetPasswordLinkFunctionalityWithoutEmail" time="6.54"/>
  <testcase classname="testCases.TC_004_LoginFunctionalityWithValidEmailAndInvalidPassword" name="LoginFunctionalityWithValidEmailAndInvalidPassword" time="5.101"/>
  <testcase classname="testCases.TC_006_ForgotPasswordLinkTextIsDisplayed" name="ForgotPasswordLinkTextIsDisplayed" time="6.221"/>
  <testcase classname="testCases.TC_015_VerifyWelcomeBackText" name="VerifyWelcomeBackText" time="6.192"/>
  <testcase classname="testCases.TC_016_VerifyEmailText" name="VerifyEmailText" time="6.09"/>
  <testcase classname="testCases.TC_005_LoginFunctionalityWithoutCredentials" name="LoginFunctionalityWithoutCredentials" time="6.236"/>
  <testcase classname="testCases.TC_007_ForgotPasswordLinkFunctionality" name="ForgotPasswordLinkFunctionality" time="6.297"/>
  <testcase classname="testCases.TC_013_LoginWithFacebook" name="VerifyLoginWithFacebook" time="6.278"/>
  <testcase classname="testCases.TC_019_VerifySignInToYourAccountText" name="VerifySignInToYourAccountText" time="6.172"/>
  <testcase classname="testCases.TC_014_LoginWithApple" name="VerifyLoginWithApple" time="6.108"/>
  <testcase classname="testCases.TC_008_ForgotPasswordLinkFunctionalityWithInvalidEmail" name="ForgotPasswordLinkFunctionalityWithInvalidEmail" time="6.468"/>
  <testcase classname="testCases.TC_018_VerifyPasswordText" name="VerifyPasswordText" time="6.198"/>
</testsuite> <!-- LoginFunctionalityTest -->
