<?xml version="1.0" encoding="UTF-8"?>
<testng-results ignored="0" total="1" passed="1" failed="0" skipped="0">
  <reporter-output>
  </reporter-output>
  <suite started-at="2023-08-15T14:17:57 BST" name="Pricepally_ProjectSuite" finished-at="2023-08-15T14:18:03 BST" duration-ms="6268">
    <groups>
    </groups>
    <test started-at="2023-08-15T14:17:57 BST" name="LoginFunctionalityTest" finished-at="2023-08-15T14:18:03 BST" duration-ms="6268">
      <class name="testCases.TC_020_VerifySuccessfulSignupWithCompleteSpecificUserDetails">
        <test-method is-config="true" signature="setup(java.lang.String)[pri:0, instance:testCases.TC_020_VerifySuccessfulSignupWithCompleteSpecificUserDetails@51399530]" started-at="2023-08-15T14:17:57 BST" name="setup" finished-at="2023-08-15T14:17:59 BST" duration-ms="2709" status="PASS">
          <params>
            <param index="0">
              <value>
                <![CDATA[edge]]>
              </value>
            </param>
          </params>
          <reporter-output>
          </reporter-output>
        </test-method> <!-- setup -->
        <test-method signature="VerifySuccessfulSignupWithCompleteSpecificUserDetails()[pri:0, instance:testCases.TC_020_VerifySuccessfulSignupWithCompleteSpecificUserDetails@51399530]" started-at="2023-08-15T14:17:59 BST" name="VerifySuccessfulSignupWithCompleteSpecificUserDetails" finished-at="2023-08-15T14:18:03 BST" duration-ms="3220" status="PASS">
          <reporter-output>
          </reporter-output>
        </test-method> <!-- VerifySuccessfulSignupWithCompleteSpecificUserDetails -->
        <test-method is-config="true" signature="teardown()[pri:0, instance:testCases.TC_020_VerifySuccessfulSignupWithCompleteSpecificUserDetails@51399530]" started-at="2023-08-15T14:18:03 BST" name="teardown" finished-at="2023-08-15T14:18:03 BST" duration-ms="305" status="PASS">
          <reporter-output>
          </reporter-output>
        </test-method> <!-- teardown -->
      </class> <!-- testCases.TC_020_VerifySuccessfulSignupWithCompleteSpecificUserDetails -->
    </test> <!-- LoginFunctionalityTest -->
  </suite> <!-- Pricepally_ProjectSuite -->
</testng-results>
