<?xml version="1.0" encoding="UTF-8"?>
<testng-results ignored="0" total="1" passed="1" failed="0" skipped="0">
  <reporter-output>
  </reporter-output>
  <suite started-at="2023-08-16T17:19:20 BST" name="Pricepally_ProjectSuite" finished-at="2023-08-16T17:19:28 BST" duration-ms="7342">
    <groups>
    </groups>
    <test started-at="2023-08-16T17:19:20 BST" name="LoginFunctionalityTest" finished-at="2023-08-16T17:19:28 BST" duration-ms="7342">
      <class name="testCases.TC_023_VerifyUserNameFieldAcceptsAnyCharacter">
        <test-method is-config="true" signature="setup(java.lang.String)[pri:0, instance:testCases.TC_023_VerifyUserNameFieldAcceptsAnyCharacter@51399530]" started-at="2023-08-16T17:19:20 BST" name="setup" finished-at="2023-08-16T17:19:24 BST" duration-ms="3338" status="PASS">
          <params>
            <param index="0">
              <value>
                <![CDATA[edge]]>
              </value>
            </param>
          </params>
          <reporter-output>
          </reporter-output>
        </test-method> <!-- setup -->
        <test-method signature="VerifyUserNameFieldAcceptsAnyCharacter()[pri:0, instance:testCases.TC_023_VerifyUserNameFieldAcceptsAnyCharacter@51399530]" started-at="2023-08-16T17:19:24 BST" name="VerifyUserNameFieldAcceptsAnyCharacter" finished-at="2023-08-16T17:19:27 BST" duration-ms="3568" status="PASS">
          <reporter-output>
          </reporter-output>
        </test-method> <!-- VerifyUserNameFieldAcceptsAnyCharacter -->
        <test-method is-config="true" signature="teardown()[pri:0, instance:testCases.TC_023_VerifyUserNameFieldAcceptsAnyCharacter@51399530]" started-at="2023-08-16T17:19:27 BST" name="teardown" finished-at="2023-08-16T17:19:28 BST" duration-ms="401" status="PASS">
          <reporter-output>
          </reporter-output>
        </test-method> <!-- teardown -->
      </class> <!-- testCases.TC_023_VerifyUserNameFieldAcceptsAnyCharacter -->
    </test> <!-- LoginFunctionalityTest -->
  </suite> <!-- Pricepally_ProjectSuite -->
</testng-results>
